This file contains any messages produced by compilers while
running configure, to aid debugging if configure makes a mistake.

It was created by libebf_c_cpp configure 0.0.3, which was
generated by GNU Autoconf 2.65.  Invocation command line was

  $ ./configure --prefix=/home/kevin/Documents/Project/libebf_c_cpp-0.0.3

## --------- ##
## Platform. ##
## --------- ##

hostname = kevin-VirtualBox
uname -m = x86_64
uname -r = 4.15.0-39-generic
uname -s = Linux
uname -v = #42~16.04.1-Ubuntu SMP Wed Oct 24 17:09:54 UTC 2018

/usr/bin/uname -p = unknown
/bin/uname -X     = unknown

/bin/arch              = unknown
/usr/bin/arch -k       = unknown
/usr/convex/getsysinfo = unknown
/usr/bin/hostinfo      = unknown
/bin/machine           = unknown
/usr/bin/oslevel       = unknown
/bin/universe          = unknown

PATH: /home/kevin/bin
PATH: /home/kevin/.local/bin
PATH: /usr/local/sbin
PATH: /usr/local/bin
PATH: /usr/sbin
PATH: /usr/bin
PATH: /sbin
PATH: /bin
PATH: /usr/games
PATH: /usr/local/games
PATH: /snap/bin


## ----------- ##
## Core tests. ##
## ----------- ##

configure:2475: checking for a BSD-compatible install
configure:2543: result: /usr/bin/install -c
configure:2554: checking whether build environment is sane
configure:2604: result: yes
configure:2745: checking for a thread-safe mkdir -p
configure:2784: result: /bin/mkdir -p
configure:2797: checking for gawk
configure:2827: result: no
configure:2797: checking for mawk
configure:2813: found /usr/bin/mawk
configure:2824: result: mawk
configure:2835: checking whether make sets $(MAKE)
configure:2857: result: yes
configure:2966: checking build system type
configure:2980: result: x86_64-unknown-linux-gnu
configure:3000: checking host system type
configure:3013: result: x86_64-unknown-linux-gnu
configure:3045: checking for style of include used by make
configure:3073: result: GNU
configure:3143: checking for gcc
configure:3159: found /usr/bin/gcc
configure:3170: result: gcc
configure:3399: checking for C compiler version
configure:3408: gcc --version >&5
gcc (Ubuntu 5.4.0-6ubuntu1~16.04.10) 5.4.0 20160609
Copyright (C) 2015 Free Software Foundation, Inc.
This is free software; see the source for copying conditions.  There is NO
warranty; not even for MERCHANTABILITY or FITNESS FOR A PARTICULAR PURPOSE.

configure:3419: $? = 0
configure:3408: gcc -v >&5
Using built-in specs.
COLLECT_GCC=gcc
COLLECT_LTO_WRAPPER=/usr/lib/gcc/x86_64-linux-gnu/5/lto-wrapper
Target: x86_64-linux-gnu
Configured with: ../src/configure -v --with-pkgversion='Ubuntu 5.4.0-6ubuntu1~16.04.10' --with-bugurl=file:///usr/share/doc/gcc-5/README.Bugs --enable-languages=c,ada,c++,java,go,d,fortran,objc,obj-c++ --prefix=/usr --program-suffix=-5 --enable-shared --enable-linker-build-id --libexecdir=/usr/lib --without-included-gettext --enable-threads=posix --libdir=/usr/lib --enable-nls --with-sysroot=/ --enable-clocale=gnu --enable-libstdcxx-debug --enable-libstdcxx-time=yes --with-default-libstdcxx-abi=new --enable-gnu-unique-object --disable-vtable-verify --enable-libmpx --enable-plugin --with-system-zlib --disable-browser-plugin --enable-java-awt=gtk --enable-gtk-cairo --with-java-home=/usr/lib/jvm/java-1.5.0-gcj-5-amd64/jre --enable-java-home --with-jvm-root-dir=/usr/lib/jvm/java-1.5.0-gcj-5-amd64 --with-jvm-jar-dir=/usr/lib/jvm-exports/java-1.5.0-gcj-5-amd64 --with-arch-directory=amd64 --with-ecj-jar=/usr/share/java/eclipse-ecj.jar --enable-objc-gc --enable-multiarch --disable-werror --with-arch-32=i686 --with-abi=m64 --with-multilib-list=m32,m64,mx32 --enable-multilib --with-tune=generic --enable-checking=release --build=x86_64-linux-gnu --host=x86_64-linux-gnu --target=x86_64-linux-gnu
Thread model: posix
gcc version 5.4.0 20160609 (Ubuntu 5.4.0-6ubuntu1~16.04.10) 
configure:3419: $? = 0
configure:3408: gcc -V >&5
gcc: error: unrecognized command line option '-V'
gcc: fatal error: no input files
compilation terminated.
configure:3419: $? = 1
configure:3408: gcc -qversion >&5
gcc: error: unrecognized command line option '-qversion'
gcc: fatal error: no input files
compilation terminated.
configure:3419: $? = 1
configure:3439: checking whether the C compiler works
configure:3461: gcc    conftest.c  >&5
configure:3465: $? = 0
configure:3514: result: yes
configure:3517: checking for C compiler default output file name
configure:3519: result: a.out
configure:3525: checking for suffix of executables
configure:3532: gcc -o conftest    conftest.c  >&5
configure:3536: $? = 0
configure:3558: result: 
configure:3580: checking whether we are cross compiling
configure:3588: gcc -o conftest    conftest.c  >&5
configure:3592: $? = 0
configure:3599: ./conftest
configure:3603: $? = 0
configure:3618: result: no
configure:3623: checking for suffix of object files
configure:3645: gcc -c   conftest.c >&5
configure:3649: $? = 0
configure:3670: result: o
configure:3674: checking whether we are using the GNU C compiler
configure:3693: gcc -c   conftest.c >&5
configure:3693: $? = 0
configure:3702: result: yes
configure:3711: checking whether gcc accepts -g
configure:3731: gcc -c -g  conftest.c >&5
configure:3731: $? = 0
configure:3772: result: yes
configure:3789: checking for gcc option to accept ISO C89
configure:3853: gcc  -c -g -O2  conftest.c >&5
configure:3853: $? = 0
configure:3866: result: none needed
configure:3888: checking dependency style of gcc
configure:3998: result: gcc3
configure:4013: checking for a sed that does not truncate output
configure:4077: result: /bin/sed
configure:4095: checking for grep that handles long lines and -e
configure:4153: result: /bin/grep
configure:4158: checking for egrep
configure:4220: result: /bin/grep -E
configure:4225: checking for fgrep
configure:4287: result: /bin/grep -F
configure:4322: checking for ld used by gcc
configure:4389: result: /usr/bin/ld
configure:4396: checking if the linker (/usr/bin/ld) is GNU ld
configure:4411: result: yes
configure:4423: checking for BSD- or MS-compatible name lister (nm)
configure:4472: result: /usr/bin/nm -B
configure:4590: checking the name lister (/usr/bin/nm -B) interface
configure:4597: gcc -c -g -O2  conftest.c >&5
configure:4600: /usr/bin/nm -B "conftest.o"
configure:4603: output
0000000000000000 B some_variable
configure:4610: result: BSD nm
configure:4613: checking whether ln -s works
configure:4617: result: yes
configure:4625: checking the maximum length of command line arguments
configure:4745: result: 1572864
configure:4762: checking whether the shell understands some XSI constructs
configure:4772: result: yes
configure:4776: checking whether the shell understands "+="
configure:4782: result: yes
configure:4817: checking for /usr/bin/ld option to reload object files
configure:4824: result: -r
configure:4893: checking for objdump
configure:4909: found /usr/bin/objdump
configure:4920: result: objdump
configure:4952: checking how to recognize dependent libraries
configure:5148: result: pass_all
configure:5208: checking for ar
configure:5224: found /usr/bin/ar
configure:5235: result: ar
configure:5313: checking for strip
configure:5329: found /usr/bin/strip
configure:5340: result: strip
configure:5412: checking for ranlib
configure:5428: found /usr/bin/ranlib
configure:5439: result: ranlib
configure:5529: checking command to parse /usr/bin/nm -B output from gcc object
configure:5647: gcc -c -g -O2  conftest.c >&5
configure:5650: $? = 0
configure:5654: /usr/bin/nm -B conftest.o \| sed -n -e 's/^.*[	 ]\([ABCDGIRSTW][ABCDGIRSTW]*\)[	 ][	 ]*\([_A-Za-z][_A-Za-z0-9]*\)$/\1 \2 \2/p' \> conftest.nm
configure:5657: $? = 0
configure:5711: gcc -o conftest -g -O2   conftest.c conftstm.o >&5
configure:5714: $? = 0
configure:5752: result: ok
configure:5848: gcc -c -g -O2  conftest.c >&5
configure:5851: $? = 0
configure:6561: checking how to run the C preprocessor
configure:6592: gcc -E  conftest.c
configure:6592: $? = 0
configure:6606: gcc -E  conftest.c
conftest.c:11:28: fatal error: ac_nonexistent.h: No such file or directory
compilation terminated.
configure:6606: $? = 1
configure: failed program was:
| /* confdefs.h */
| #define PACKAGE_NAME "libebf_c_cpp"
| #define PACKAGE_TARNAME "libebf_c_cpp"
| #define PACKAGE_VERSION "0.0.3"
| #define PACKAGE_STRING "libebf_c_cpp 0.0.3"
| #define PACKAGE_BUGREPORT "bug-report@address"
| #define PACKAGE_URL ""
| #define PACKAGE "libebf_c_cpp"
| #define VERSION "0.0.3"
| /* end confdefs.h.  */
| #include <ac_nonexistent.h>
configure:6631: result: gcc -E
configure:6651: gcc -E  conftest.c
configure:6651: $? = 0
configure:6665: gcc -E  conftest.c
conftest.c:11:28: fatal error: ac_nonexistent.h: No such file or directory
compilation terminated.
configure:6665: $? = 1
configure: failed program was:
| /* confdefs.h */
| #define PACKAGE_NAME "libebf_c_cpp"
| #define PACKAGE_TARNAME "libebf_c_cpp"
| #define PACKAGE_VERSION "0.0.3"
| #define PACKAGE_STRING "libebf_c_cpp 0.0.3"
| #define PACKAGE_BUGREPORT "bug-report@address"
| #define PACKAGE_URL ""
| #define PACKAGE "libebf_c_cpp"
| #define VERSION "0.0.3"
| /* end confdefs.h.  */
| #include <ac_nonexistent.h>
configure:6694: checking for ANSI C header files
configure:6714: gcc -c -g -O2  conftest.c >&5
configure:6714: $? = 0
configure:6787: gcc -o conftest -g -O2   conftest.c  >&5
configure:6787: $? = 0
configure:6787: ./conftest
configure:6787: $? = 0
configure:6798: result: yes
configure:6811: checking for sys/types.h
configure:6811: gcc -c -g -O2  conftest.c >&5
configure:6811: $? = 0
configure:6811: result: yes
configure:6811: checking for sys/stat.h
configure:6811: gcc -c -g -O2  conftest.c >&5
configure:6811: $? = 0
configure:6811: result: yes
configure:6811: checking for stdlib.h
configure:6811: gcc -c -g -O2  conftest.c >&5
configure:6811: $? = 0
configure:6811: result: yes
configure:6811: checking for string.h
configure:6811: gcc -c -g -O2  conftest.c >&5
configure:6811: $? = 0
configure:6811: result: yes
configure:6811: checking for memory.h
configure:6811: gcc -c -g -O2  conftest.c >&5
configure:6811: $? = 0
configure:6811: result: yes
configure:6811: checking for strings.h
configure:6811: gcc -c -g -O2  conftest.c >&5
configure:6811: $? = 0
configure:6811: result: yes
configure:6811: checking for inttypes.h
configure:6811: gcc -c -g -O2  conftest.c >&5
configure:6811: $? = 0
configure:6811: result: yes
configure:6811: checking for stdint.h
configure:6811: gcc -c -g -O2  conftest.c >&5
configure:6811: $? = 0
configure:6811: result: yes
configure:6811: checking for unistd.h
configure:6811: gcc -c -g -O2  conftest.c >&5
configure:6811: $? = 0
configure:6811: result: yes
configure:6826: checking for dlfcn.h
configure:6826: gcc -c -g -O2  conftest.c >&5
configure:6826: $? = 0
configure:6826: result: yes
configure:7010: checking for objdir
configure:7025: result: .libs
configure:7321: checking if gcc supports -fno-rtti -fno-exceptions
configure:7339: gcc -c -g -O2  -fno-rtti -fno-exceptions conftest.c >&5
cc1: warning: command line option '-fno-rtti' is valid for C++/ObjC++ but not for C
configure:7343: $? = 0
configure:7356: result: no
configure:7376: checking for gcc option to produce PIC
configure:7648: result: -fPIC -DPIC
configure:7660: checking if gcc PIC flag -fPIC -DPIC works
configure:7678: gcc -c -g -O2  -fPIC -DPIC -DPIC conftest.c >&5
configure:7682: $? = 0
configure:7695: result: yes
configure:7719: checking if gcc static flag -static works
configure:7747: result: yes
configure:7762: checking if gcc supports -c -o file.o
configure:7783: gcc -c -g -O2  -o out/conftest2.o conftest.c >&5
configure:7787: $? = 0
configure:7809: result: yes
configure:7817: checking if gcc supports -c -o file.o
configure:7864: result: yes
configure:7897: checking whether the gcc linker (/usr/bin/ld -m elf_x86_64) supports shared libraries
configure:8888: result: yes
configure:8925: checking whether -lc should be explicitly linked in
configure:8930: gcc -c -g -O2  conftest.c >&5
configure:8933: $? = 0
configure:8948: gcc -shared conftest.o  -v -Wl,-soname -Wl,conftest -o conftest 2\>\&1 \| /bin/grep  -lc  \>/dev/null 2\>\&1
configure:8951: $? = 0
configure:8963: result: no
configure:9127: checking dynamic linker characteristics
configure:9560: gcc -o conftest -g -O2   -Wl,-rpath -Wl,/foo conftest.c  >&5
configure:9560: $? = 0
configure:9790: result: GNU/Linux ld.so
configure:9892: checking how to hardcode library paths into programs
configure:9917: result: immediate
configure:10437: checking whether stripping libraries is possible
configure:10442: result: yes
configure:10477: checking if libtool supports shared libraries
configure:10479: result: yes
configure:10482: checking whether to build shared libraries
configure:10503: result: yes
configure:10506: checking whether to build static libraries
configure:10510: result: yes
configure:10598: checking for gfortran
configure:10628: result: no
configure:10598: checking for g95
configure:10628: result: no
configure:10598: checking for xlf95
configure:10628: result: no
configure:10598: checking for f95
configure:10628: result: no
configure:10598: checking for fort
configure:10628: result: no
configure:10598: checking for ifort
configure:10628: result: no
configure:10598: checking for ifc
configure:10628: result: no
configure:10598: checking for efc
configure:10628: result: no
configure:10598: checking for pgf95
configure:10628: result: no
configure:10598: checking for lf95
configure:10628: result: no
configure:10598: checking for ftn
configure:10628: result: no
configure:10598: checking for xlf90
configure:10628: result: no
configure:10598: checking for f90
configure:10628: result: no
configure:10598: checking for pgf90
configure:10628: result: no
configure:10598: checking for pghpf
configure:10628: result: no
configure:10598: checking for epcf90
configure:10628: result: no
configure:10598: checking for g77
configure:10628: result: no
configure:10598: checking for xlf
configure:10628: result: no
configure:10598: checking for f77
configure:10628: result: no
configure:10598: checking for frt
configure:10628: result: no
configure:10598: checking for pgf77
configure:10628: result: no
configure:10598: checking for cf77
configure:10628: result: no
configure:10598: checking for fort77
configure:10628: result: no
configure:10598: checking for fl32
configure:10628: result: no
configure:10598: checking for af77
configure:10628: result: no
configure:10651: checking for Fortran compiler version
configure:10660:  --version >&5
./configure: line 10662: --version: command not found
configure:10671: $? = 127
configure:10660:  -v >&5
./configure: line 10662: -v: command not found
configure:10671: $? = 127
configure:10660:  -V >&5
./configure: line 10662: -V: command not found
configure:10671: $? = 127
configure:10660:  -qversion >&5
./configure: line 10662: -qversion: command not found
configure:10671: $? = 127
configure:10680: checking whether we are using the GNU Fortran compiler
configure:10693:  -c   conftest.F >&5
./configure: line 1894: -c: command not found
configure:10693: $? = 127
configure: failed program was:
|       program main
| #ifndef __GNUC__
|        choke me
| #endif
| 
|       end
configure:10702: result: no
configure:10708: checking whether  accepts -g
configure:10719:  -c -g  conftest.f >&5
./configure: line 1894: -c: command not found
configure:10719: $? = 127
configure: failed program was:
|       program main
| 
|       end
configure:10727: result: no
configure:10805: checking for gfortran
configure:10835: result: no
configure:10805: checking for g95
configure:10835: result: no
configure:10805: checking for xlf95
configure:10835: result: no
configure:10805: checking for f95
configure:10835: result: no
configure:10805: checking for fort
configure:10835: result: no
configure:10805: checking for ifort
configure:10835: result: no
configure:10805: checking for ifc
configure:10835: result: no
configure:10805: checking for efc
configure:10835: result: no
configure:10805: checking for pgf95
configure:10835: result: no
configure:10805: checking for lf95
configure:10835: result: no
configure:10805: checking for ftn
configure:10835: result: no
configure:10805: checking for xlf90
configure:10835: result: no
configure:10805: checking for f90
configure:10835: result: no
configure:10805: checking for pgf90
configure:10835: result: no
configure:10805: checking for pghpf
configure:10835: result: no
configure:10805: checking for epcf90
configure:10835: result: no
configure:10805: checking for g77
configure:10835: result: no
configure:10805: checking for xlf
configure:10835: result: no
configure:10805: checking for f77
configure:10835: result: no
configure:10805: checking for frt
configure:10835: result: no
configure:10805: checking for pgf77
configure:10835: result: no
configure:10805: checking for cf77
configure:10835: result: no
configure:10805: checking for fort77
configure:10835: result: no
configure:10805: checking for fl32
configure:10835: result: no
configure:10805: checking for af77
configure:10835: result: no
configure:10858: checking for Fortran compiler version
configure:10867:  --version >&5
./configure: line 10869: --version: command not found
configure:10878: $? = 127
configure:10867:  -v >&5
./configure: line 10869: -v: command not found
configure:10878: $? = 127
configure:10867:  -V >&5
./configure: line 10869: -V: command not found
configure:10878: $? = 127
configure:10867:  -qversion >&5
./configure: line 10869: -qversion: command not found
configure:10878: $? = 127
configure:10887: checking whether we are using the GNU Fortran compiler
configure:10909: result: no
configure:10915: checking whether  accepts -g
configure:10934: result: no
configure:13638: checking for gcc
configure:13665: result: gcc
configure:13894: checking for C compiler version
configure:13903: gcc --version >&5
gcc (Ubuntu 5.4.0-6ubuntu1~16.04.10) 5.4.0 20160609
Copyright (C) 2015 Free Software Foundation, Inc.
This is free software; see the source for copying conditions.  There is NO
warranty; not even for MERCHANTABILITY or FITNESS FOR A PARTICULAR PURPOSE.

configure:13914: $? = 0
configure:13903: gcc -v >&5
Using built-in specs.
COLLECT_GCC=gcc
COLLECT_LTO_WRAPPER=/usr/lib/gcc/x86_64-linux-gnu/5/lto-wrapper
Target: x86_64-linux-gnu
Configured with: ../src/configure -v --with-pkgversion='Ubuntu 5.4.0-6ubuntu1~16.04.10' --with-bugurl=file:///usr/share/doc/gcc-5/README.Bugs --enable-languages=c,ada,c++,java,go,d,fortran,objc,obj-c++ --prefix=/usr --program-suffix=-5 --enable-shared --enable-linker-build-id --libexecdir=/usr/lib --without-included-gettext --enable-threads=posix --libdir=/usr/lib --enable-nls --with-sysroot=/ --enable-clocale=gnu --enable-libstdcxx-debug --enable-libstdcxx-time=yes --with-default-libstdcxx-abi=new --enable-gnu-unique-object --disable-vtable-verify --enable-libmpx --enable-plugin --with-system-zlib --disable-browser-plugin --enable-java-awt=gtk --enable-gtk-cairo --with-java-home=/usr/lib/jvm/java-1.5.0-gcj-5-amd64/jre --enable-java-home --with-jvm-root-dir=/usr/lib/jvm/java-1.5.0-gcj-5-amd64 --with-jvm-jar-dir=/usr/lib/jvm-exports/java-1.5.0-gcj-5-amd64 --with-arch-directory=amd64 --with-ecj-jar=/usr/share/java/eclipse-ecj.jar --enable-objc-gc --enable-multiarch --disable-werror --with-arch-32=i686 --with-abi=m64 --with-multilib-list=m32,m64,mx32 --enable-multilib --with-tune=generic --enable-checking=release --build=x86_64-linux-gnu --host=x86_64-linux-gnu --target=x86_64-linux-gnu
Thread model: posix
gcc version 5.4.0 20160609 (Ubuntu 5.4.0-6ubuntu1~16.04.10) 
configure:13914: $? = 0
configure:13903: gcc -V >&5
gcc: error: unrecognized command line option '-V'
gcc: fatal error: no input files
compilation terminated.
configure:13914: $? = 1
configure:13903: gcc -qversion >&5
gcc: error: unrecognized command line option '-qversion'
gcc: fatal error: no input files
compilation terminated.
configure:13914: $? = 1
configure:13918: checking whether we are using the GNU C compiler
configure:13946: result: yes
configure:13955: checking whether gcc accepts -g
configure:14016: result: yes
configure:14033: checking for gcc option to accept ISO C89
configure:14110: result: none needed
configure:14132: checking dependency style of gcc
configure:14242: result: gcc3
configure:14315: checking for g++
configure:14331: found /usr/bin/g++
configure:14342: result: g++
configure:14369: checking for C++ compiler version
configure:14378: g++ --version >&5
g++ (Ubuntu 5.4.0-6ubuntu1~16.04.10) 5.4.0 20160609
Copyright (C) 2015 Free Software Foundation, Inc.
This is free software; see the source for copying conditions.  There is NO
warranty; not even for MERCHANTABILITY or FITNESS FOR A PARTICULAR PURPOSE.

configure:14389: $? = 0
configure:14378: g++ -v >&5
Using built-in specs.
COLLECT_GCC=g++
COLLECT_LTO_WRAPPER=/usr/lib/gcc/x86_64-linux-gnu/5/lto-wrapper
Target: x86_64-linux-gnu
Configured with: ../src/configure -v --with-pkgversion='Ubuntu 5.4.0-6ubuntu1~16.04.10' --with-bugurl=file:///usr/share/doc/gcc-5/README.Bugs --enable-languages=c,ada,c++,java,go,d,fortran,objc,obj-c++ --prefix=/usr --program-suffix=-5 --enable-shared --enable-linker-build-id --libexecdir=/usr/lib --without-included-gettext --enable-threads=posix --libdir=/usr/lib --enable-nls --with-sysroot=/ --enable-clocale=gnu --enable-libstdcxx-debug --enable-libstdcxx-time=yes --with-default-libstdcxx-abi=new --enable-gnu-unique-object --disable-vtable-verify --enable-libmpx --enable-plugin --with-system-zlib --disable-browser-plugin --enable-java-awt=gtk --enable-gtk-cairo --with-java-home=/usr/lib/jvm/java-1.5.0-gcj-5-amd64/jre --enable-java-home --with-jvm-root-dir=/usr/lib/jvm/java-1.5.0-gcj-5-amd64 --with-jvm-jar-dir=/usr/lib/jvm-exports/java-1.5.0-gcj-5-amd64 --with-arch-directory=amd64 --with-ecj-jar=/usr/share/java/eclipse-ecj.jar --enable-objc-gc --enable-multiarch --disable-werror --with-arch-32=i686 --with-abi=m64 --with-multilib-list=m32,m64,mx32 --enable-multilib --with-tune=generic --enable-checking=release --build=x86_64-linux-gnu --host=x86_64-linux-gnu --target=x86_64-linux-gnu
Thread model: posix
gcc version 5.4.0 20160609 (Ubuntu 5.4.0-6ubuntu1~16.04.10) 
configure:14389: $? = 0
configure:14378: g++ -V >&5
g++: error: unrecognized command line option '-V'
g++: fatal error: no input files
compilation terminated.
configure:14389: $? = 1
configure:14378: g++ -qversion >&5
g++: error: unrecognized command line option '-qversion'
g++: fatal error: no input files
compilation terminated.
configure:14389: $? = 1
configure:14393: checking whether we are using the GNU C++ compiler
configure:14412: g++ -c   conftest.cpp >&5
configure:14412: $? = 0
configure:14421: result: yes
configure:14430: checking whether g++ accepts -g
configure:14450: g++ -c -g  conftest.cpp >&5
configure:14450: $? = 0
configure:14491: result: yes
configure:14516: checking dependency style of g++
configure:14626: result: gcc3
configure:14754: checking for C++ compiler version
configure:14763: g++ --version >&5
g++ (Ubuntu 5.4.0-6ubuntu1~16.04.10) 5.4.0 20160609
Copyright (C) 2015 Free Software Foundation, Inc.
This is free software; see the source for copying conditions.  There is NO
warranty; not even for MERCHANTABILITY or FITNESS FOR A PARTICULAR PURPOSE.

configure:14774: $? = 0
configure:14763: g++ -v >&5
Using built-in specs.
COLLECT_GCC=g++
COLLECT_LTO_WRAPPER=/usr/lib/gcc/x86_64-linux-gnu/5/lto-wrapper
Target: x86_64-linux-gnu
Configured with: ../src/configure -v --with-pkgversion='Ubuntu 5.4.0-6ubuntu1~16.04.10' --with-bugurl=file:///usr/share/doc/gcc-5/README.Bugs --enable-languages=c,ada,c++,java,go,d,fortran,objc,obj-c++ --prefix=/usr --program-suffix=-5 --enable-shared --enable-linker-build-id --libexecdir=/usr/lib --without-included-gettext --enable-threads=posix --libdir=/usr/lib --enable-nls --with-sysroot=/ --enable-clocale=gnu --enable-libstdcxx-debug --enable-libstdcxx-time=yes --with-default-libstdcxx-abi=new --enable-gnu-unique-object --disable-vtable-verify --enable-libmpx --enable-plugin --with-system-zlib --disable-browser-plugin --enable-java-awt=gtk --enable-gtk-cairo --with-java-home=/usr/lib/jvm/java-1.5.0-gcj-5-amd64/jre --enable-java-home --with-jvm-root-dir=/usr/lib/jvm/java-1.5.0-gcj-5-amd64 --with-jvm-jar-dir=/usr/lib/jvm-exports/java-1.5.0-gcj-5-amd64 --with-arch-directory=amd64 --with-ecj-jar=/usr/share/java/eclipse-ecj.jar --enable-objc-gc --enable-multiarch --disable-werror --with-arch-32=i686 --with-abi=m64 --with-multilib-list=m32,m64,mx32 --enable-multilib --with-tune=generic --enable-checking=release --build=x86_64-linux-gnu --host=x86_64-linux-gnu --target=x86_64-linux-gnu
Thread model: posix
gcc version 5.4.0 20160609 (Ubuntu 5.4.0-6ubuntu1~16.04.10) 
configure:14774: $? = 0
configure:14763: g++ -V >&5
g++: error: unrecognized command line option '-V'
g++: fatal error: no input files
compilation terminated.
configure:14774: $? = 1
configure:14763: g++ -qversion >&5
g++: error: unrecognized command line option '-qversion'
g++: fatal error: no input files
compilation terminated.
configure:14774: $? = 1
configure:14778: checking whether we are using the GNU C++ compiler
configure:14806: result: yes
configure:14815: checking whether g++ accepts -g
configure:14876: result: yes
configure:14901: checking dependency style of g++
configure:15011: result: gcc3
configure:15034: checking how to run the C++ preprocessor
configure:15061: g++ -E  conftest.cpp
configure:15061: $? = 0
configure:15075: g++ -E  conftest.cpp
conftest.cpp:23:28: fatal error: ac_nonexistent.h: No such file or directory
compilation terminated.
configure:15075: $? = 1
configure: failed program was:
| /* confdefs.h */
| #define PACKAGE_NAME "libebf_c_cpp"
| #define PACKAGE_TARNAME "libebf_c_cpp"
| #define PACKAGE_VERSION "0.0.3"
| #define PACKAGE_STRING "libebf_c_cpp 0.0.3"
| #define PACKAGE_BUGREPORT "bug-report@address"
| #define PACKAGE_URL ""
| #define PACKAGE "libebf_c_cpp"
| #define VERSION "0.0.3"
| #define STDC_HEADERS 1
| #define HAVE_SYS_TYPES_H 1
| #define HAVE_SYS_STAT_H 1
| #define HAVE_STDLIB_H 1
| #define HAVE_STRING_H 1
| #define HAVE_MEMORY_H 1
| #define HAVE_STRINGS_H 1
| #define HAVE_INTTYPES_H 1
| #define HAVE_STDINT_H 1
| #define HAVE_UNISTD_H 1
| #define HAVE_DLFCN_H 1
| #define LT_OBJDIR ".libs/"
| /* end confdefs.h.  */
| #include <ac_nonexistent.h>
configure:15100: result: g++ -E
configure:15120: g++ -E  conftest.cpp
configure:15120: $? = 0
configure:15134: g++ -E  conftest.cpp
conftest.cpp:23:28: fatal error: ac_nonexistent.h: No such file or directory
compilation terminated.
configure:15134: $? = 1
configure: failed program was:
| /* confdefs.h */
| #define PACKAGE_NAME "libebf_c_cpp"
| #define PACKAGE_TARNAME "libebf_c_cpp"
| #define PACKAGE_VERSION "0.0.3"
| #define PACKAGE_STRING "libebf_c_cpp 0.0.3"
| #define PACKAGE_BUGREPORT "bug-report@address"
| #define PACKAGE_URL ""
| #define PACKAGE "libebf_c_cpp"
| #define VERSION "0.0.3"
| #define STDC_HEADERS 1
| #define HAVE_SYS_TYPES_H 1
| #define HAVE_SYS_STAT_H 1
| #define HAVE_STDLIB_H 1
| #define HAVE_STRING_H 1
| #define HAVE_MEMORY_H 1
| #define HAVE_STRINGS_H 1
| #define HAVE_INTTYPES_H 1
| #define HAVE_STDINT_H 1
| #define HAVE_UNISTD_H 1
| #define HAVE_DLFCN_H 1
| #define LT_OBJDIR ".libs/"
| /* end confdefs.h.  */
| #include <ac_nonexistent.h>
configure:15302: checking for ld used by g++
configure:15369: result: /usr/bin/ld -m elf_x86_64
configure:15376: checking if the linker (/usr/bin/ld -m elf_x86_64) is GNU ld
configure:15391: result: yes
configure:15446: checking whether the g++ linker (/usr/bin/ld -m elf_x86_64) supports shared libraries
configure:16359: result: yes
configure:16387: g++ -c -g -O2  conftest.cpp >&5
configure:16390: $? = 0
configure:16554: checking for g++ option to produce PIC
configure:16871: result: -fPIC -DPIC
configure:16880: checking if g++ PIC flag -fPIC -DPIC works
configure:16898: g++ -c -g -O2  -fPIC -DPIC -DPIC conftest.cpp >&5
configure:16902: $? = 0
configure:16915: result: yes
configure:16936: checking if g++ static flag -static works
configure:16964: result: yes
configure:16976: checking if g++ supports -c -o file.o
configure:16997: g++ -c -g -O2  -o out/conftest2.o conftest.cpp >&5
configure:17001: $? = 0
configure:17023: result: yes
configure:17028: checking if g++ supports -c -o file.o
configure:17075: result: yes
configure:17105: checking whether the g++ linker (/usr/bin/ld -m elf_x86_64) supports shared libraries
configure:17134: result: yes
configure:17271: checking dynamic linker characteristics
configure:17652: g++ -o conftest -g -O2   -Wl,-rpath -Wl,/foo conftest.cpp  >&5
configure:17652: $? = 0
configure:17882: result: GNU/Linux ld.so
configure:17933: checking how to hardcode library paths into programs
configure:17958: result: immediate
configure:18132: creating ./config.status

## ---------------------- ##
## Running config.status. ##
## ---------------------- ##

This file was extended by libebf_c_cpp config.status 0.0.3, which was
generated by GNU Autoconf 2.65.  Invocation command line was

  CONFIG_FILES    = 
  CONFIG_HEADERS  = 
  CONFIG_LINKS    = 
  CONFIG_COMMANDS = 
  $ ./config.status 

on kevin-VirtualBox

config.status:1180: creating Makefile
config.status:1180: creating src/Makefile
config.status:1180: creating src/c/Makefile
config.status:1180: creating src/cpp/Makefile
config.status:1180: creating data/Makefile
config.status:1180: creating config.h
config.status:1400: executing depfiles commands
config.status:1400: executing libtool commands

## ---------------- ##
## Cache variables. ##
## ---------------- ##

ac_cv_build=x86_64-unknown-linux-gnu
ac_cv_c_compiler_gnu=yes
ac_cv_cxx_compiler_gnu=yes
ac_cv_env_CCC_set=
ac_cv_env_CCC_value=
ac_cv_env_CC_set=
ac_cv_env_CC_value=
ac_cv_env_CFLAGS_set=
ac_cv_env_CFLAGS_value=
ac_cv_env_CPPFLAGS_set=
ac_cv_env_CPPFLAGS_value=
ac_cv_env_CPP_set=
ac_cv_env_CPP_value=
ac_cv_env_CXXCPP_set=
ac_cv_env_CXXCPP_value=
ac_cv_env_CXXFLAGS_set=
ac_cv_env_CXXFLAGS_value=
ac_cv_env_CXX_set=
ac_cv_env_CXX_value=
ac_cv_env_FCFLAGS_set=
ac_cv_env_FCFLAGS_value=
ac_cv_env_FC_set=
ac_cv_env_FC_value=
ac_cv_env_LDFLAGS_set=
ac_cv_env_LDFLAGS_value=
ac_cv_env_LIBS_set=
ac_cv_env_LIBS_value=
ac_cv_env_build_alias_set=
ac_cv_env_build_alias_value=
ac_cv_env_host_alias_set=
ac_cv_env_host_alias_value=
ac_cv_env_target_alias_set=
ac_cv_env_target_alias_value=
ac_cv_fc_compiler_gnu=no
ac_cv_header_dlfcn_h=yes
ac_cv_header_inttypes_h=yes
ac_cv_header_memory_h=yes
ac_cv_header_stdc=yes
ac_cv_header_stdint_h=yes
ac_cv_header_stdlib_h=yes
ac_cv_header_string_h=yes
ac_cv_header_strings_h=yes
ac_cv_header_sys_stat_h=yes
ac_cv_header_sys_types_h=yes
ac_cv_header_unistd_h=yes
ac_cv_host=x86_64-unknown-linux-gnu
ac_cv_objext=o
ac_cv_path_EGREP='/bin/grep -E'
ac_cv_path_FGREP='/bin/grep -F'
ac_cv_path_GREP=/bin/grep
ac_cv_path_SED=/bin/sed
ac_cv_path_install='/usr/bin/install -c'
ac_cv_path_mkdir=/bin/mkdir
ac_cv_prog_AWK=mawk
ac_cv_prog_CPP='gcc -E'
ac_cv_prog_CXXCPP='g++ -E'
ac_cv_prog_ac_ct_AR=ar
ac_cv_prog_ac_ct_CC=gcc
ac_cv_prog_ac_ct_CXX=g++
ac_cv_prog_ac_ct_OBJDUMP=objdump
ac_cv_prog_ac_ct_RANLIB=ranlib
ac_cv_prog_ac_ct_STRIP=strip
ac_cv_prog_cc_c89=
ac_cv_prog_cc_g=yes
ac_cv_prog_cxx_g=yes
ac_cv_prog_fc_g=no
ac_cv_prog_make_make_set=yes
am_cv_CC_dependencies_compiler_type=gcc3
am_cv_CXX_dependencies_compiler_type=gcc3
lt_cv_deplibs_check_method=pass_all
lt_cv_file_magic_cmd='$MAGIC_CMD'
lt_cv_file_magic_test_file=
lt_cv_ld_reload_flag=-r
lt_cv_nm_interface='BSD nm'
lt_cv_objdir=.libs
lt_cv_path_LD=/usr/bin/ld
lt_cv_path_LDCXX='/usr/bin/ld -m elf_x86_64'
lt_cv_path_NM='/usr/bin/nm -B'
lt_cv_prog_compiler_c_o=yes
lt_cv_prog_compiler_c_o_CXX=yes
lt_cv_prog_compiler_pic_works=yes
lt_cv_prog_compiler_pic_works_CXX=yes
lt_cv_prog_compiler_rtti_exceptions=no
lt_cv_prog_compiler_static_works=yes
lt_cv_prog_compiler_static_works_CXX=yes
lt_cv_prog_gnu_ld=yes
lt_cv_prog_gnu_ldcxx=yes
lt_cv_sys_global_symbol_pipe='sed -n -e '\''s/^.*[	 ]\([ABCDGIRSTW][ABCDGIRSTW]*\)[	 ][	 ]*\([_A-Za-z][_A-Za-z0-9]*\)$/\1 \2 \2/p'\'''
lt_cv_sys_global_symbol_to_c_name_address='sed -n -e '\''s/^: \([^ ]*\) $/  {\"\1\", (void *) 0},/p'\'' -e '\''s/^[ABCDGIRSTW]* \([^ ]*\) \([^ ]*\)$/  {"\2", (void *) \&\2},/p'\'''
lt_cv_sys_global_symbol_to_c_name_address_lib_prefix='sed -n -e '\''s/^: \([^ ]*\) $/  {\"\1\", (void *) 0},/p'\'' -e '\''s/^[ABCDGIRSTW]* \([^ ]*\) \(lib[^ ]*\)$/  {"\2", (void *) \&\2},/p'\'' -e '\''s/^[ABCDGIRSTW]* \([^ ]*\) \([^ ]*\)$/  {"lib\2", (void *) \&\2},/p'\'''
lt_cv_sys_global_symbol_to_cdecl='sed -n -e '\''s/^T .* \(.*\)$/extern int \1();/p'\'' -e '\''s/^[ABCDGIRSTW]* .* \(.*\)$/extern char \1;/p'\'''
lt_cv_sys_max_cmd_len=1572864

## ----------------- ##
## Output variables. ##
## ----------------- ##

ACLOCAL='${SHELL} /home/kevin/Documents/Project/libebf_c_cpp-0.0.3/build-aux/missing --run aclocal-1.11'
AMDEPBACKSLASH='\'
AMDEP_FALSE='#'
AMDEP_TRUE=''
AMTAR='${SHELL} /home/kevin/Documents/Project/libebf_c_cpp-0.0.3/build-aux/missing --run tar'
AR='ar'
AUTOCONF='${SHELL} /home/kevin/Documents/Project/libebf_c_cpp-0.0.3/build-aux/missing --run autoconf'
AUTOHEADER='${SHELL} /home/kevin/Documents/Project/libebf_c_cpp-0.0.3/build-aux/missing --run autoheader'
AUTOMAKE='${SHELL} /home/kevin/Documents/Project/libebf_c_cpp-0.0.3/build-aux/missing --run automake-1.11'
AWK='mawk'
CC='gcc'
CCDEPMODE='depmode=gcc3'
CFLAGS='-g -O2'
CPP='gcc -E'
CPPFLAGS=''
CXX='g++'
CXXCPP='g++ -E'
CXXDEPMODE='depmode=gcc3'
CXXFLAGS='-g -O2'
CYGPATH_W='echo'
DEFS='-DHAVE_CONFIG_H'
DEPDIR='.deps'
DSYMUTIL=''
DUMPBIN=''
ECHO_C=''
ECHO_N='-n'
ECHO_T=''
EGREP='/bin/grep -E'
EXEEXT=''
FC=''
FCFLAGS=''
FGREP='/bin/grep -F'
GREP='/bin/grep'
INSTALL_DATA='${INSTALL} -m 644'
INSTALL_PROGRAM='${INSTALL}'
INSTALL_SCRIPT='${INSTALL}'
INSTALL_STRIP_PROGRAM='$(install_sh) -c -s'
LD='/usr/bin/ld -m elf_x86_64'
LDFLAGS=''
LIBOBJS=''
LIBS=''
LIBTOOL='$(SHELL) $(top_builddir)/libtool'
LIPO=''
LN_S='ln -s'
LTLIBOBJS=''
MAKEINFO='${SHELL} /home/kevin/Documents/Project/libebf_c_cpp-0.0.3/build-aux/missing --run makeinfo'
MKDIR_P='/bin/mkdir -p'
NM='/usr/bin/nm -B'
NMEDIT=''
OBJDUMP='objdump'
OBJEXT='o'
OTOOL64=''
OTOOL=''
PACKAGE='libebf_c_cpp'
PACKAGE_BUGREPORT='bug-report@address'
PACKAGE_NAME='libebf_c_cpp'
PACKAGE_STRING='libebf_c_cpp 0.0.3'
PACKAGE_TARNAME='libebf_c_cpp'
PACKAGE_URL=''
PACKAGE_VERSION='0.0.3'
PATH_SEPARATOR=':'
RANLIB='ranlib'
SED='/bin/sed'
SET_MAKE=''
SHELL='/bin/bash'
STRIP='strip'
VERSION='0.0.3'
ac_ct_CC='gcc'
ac_ct_CXX='g++'
ac_ct_DUMPBIN=''
ac_ct_FC=''
am__EXEEXT_FALSE=''
am__EXEEXT_TRUE='#'
am__fastdepCC_FALSE='#'
am__fastdepCC_TRUE=''
am__fastdepCXX_FALSE='#'
am__fastdepCXX_TRUE=''
am__include='include'
am__isrc=''
am__leading_dot='.'
am__quote=''
am__tar='${AMTAR} chof - "$$tardir"'
am__untar='${AMTAR} xf -'
bindir='${exec_prefix}/bin'
build='x86_64-unknown-linux-gnu'
build_alias=''
build_cpu='x86_64'
build_os='linux-gnu'
build_vendor='unknown'
datadir='${datarootdir}'
datarootdir='${prefix}/share'
docdir='${datarootdir}/doc/${PACKAGE_TARNAME}'
dvidir='${docdir}'
exec_prefix='${prefix}'
host='x86_64-unknown-linux-gnu'
host_alias=''
host_cpu='x86_64'
host_os='linux-gnu'
host_vendor='unknown'
htmldir='${docdir}'
includedir='${prefix}/include'
infodir='${datarootdir}/info'
install_sh='${SHELL} /home/kevin/Documents/Project/libebf_c_cpp-0.0.3/build-aux/install-sh'
libdir='${exec_prefix}/lib'
libexecdir='${exec_prefix}/libexec'
localedir='${datarootdir}/locale'
localstatedir='${prefix}/var'
lt_ECHO='echo'
mandir='${datarootdir}/man'
mkdir_p='/bin/mkdir -p'
oldincludedir='/usr/include'
pdfdir='${docdir}'
prefix='/home/kevin/Documents/Project/libebf_c_cpp-0.0.3'
program_transform_name='s,x,x,'
psdir='${docdir}'
sbindir='${exec_prefix}/sbin'
sharedstatedir='${prefix}/com'
sysconfdir='${prefix}/etc'
target_alias=''

## ----------- ##
## confdefs.h. ##
## ----------- ##

/* confdefs.h */
#define PACKAGE_NAME "libebf_c_cpp"
#define PACKAGE_TARNAME "libebf_c_cpp"
#define PACKAGE_VERSION "0.0.3"
#define PACKAGE_STRING "libebf_c_cpp 0.0.3"
#define PACKAGE_BUGREPORT "bug-report@address"
#define PACKAGE_URL ""
#define PACKAGE "libebf_c_cpp"
#define VERSION "0.0.3"
#define STDC_HEADERS 1
#define HAVE_SYS_TYPES_H 1
#define HAVE_SYS_STAT_H 1
#define HAVE_STDLIB_H 1
#define HAVE_STRING_H 1
#define HAVE_MEMORY_H 1
#define HAVE_STRINGS_H 1
#define HAVE_INTTYPES_H 1
#define HAVE_STDINT_H 1
#define HAVE_UNISTD_H 1
#define HAVE_DLFCN_H 1
#define LT_OBJDIR ".libs/"

configure: exit 0
